<?xml version="1.0" encoding="utf-8"?><testsuites name="pytest tests"><testsuite name="pytest" errors="0" failures="0" skipped="0" tests="29" time="24.595" timestamp="2026-05-20T01:41:06.446950-07:00" hostname="APLEGION"><testcase classname="tests.test_countries.TestCountries" name="test_country_by_name[germany]" time="0.826" /><testcase classname="tests.test_countries.TestCountries" name="test_country_by_name[japan]" time="0.961" /><testcase classname="tests.test_countries.TestCountries" name="test_country_by_name[brazil]" time="0.643" /><testcase classname="tests.test_countries.TestCountries" name="test_country_by_name[nigeria]" time="0.675" /><testcase classname="tests.test_countries.TestCountries" name="test_country_by_name[australia]" time="0.668" /><testcase classname="tests.test_countries.TestCountries" name="test_country_by_alpha_code[DE]" time="0.641" /><testcase classname="tests.test_countries.TestCountries" name="test_country_by_alpha_code[JP]" time="0.761" /><testcase classname="tests.test_countries.TestCountries" name="test_country_by_alpha_code[BR]" time="0.682" /><testcase classname="tests.test_countries.TestCountries" name="test_country_by_alpha_code[NG]" time="0.652" /><testcase classname="tests.test_countries.TestCountries" name="test_country_by_alpha_code[AU]" time="0.663" /><testcase classname="tests.test_countries.TestCountries" name="test_europe_region_count" time="0.911" /><testcase classname="tests.test_countries.TestCountries" name="test_germany_schema" time="0.678" /><testcase classname="tests.test_countries.TestCountries" name="test_all_population_check" time="0.935" /><testcase classname="tests.test_countries.TestCountries" name="test_cross_reference_germany" time="1.049" /><testcase classname="tests.test_country_api.TestCountryApi" name="test_europe_region_count" time="0.891" /><testcase classname="tests.test_country_api.TestCountryApi" name="test_germany_schema_validation" time="0.661" /><testcase classname="tests.test_country_api.TestCountryApi" name="test_all_countries_population_integrity" time="0.874" /><testcase classname="tests.test_country_api.TestCountryApi" name="test_germany_cross_reference_region" time="0.998" /><testcase classname="tests.test_country_api.TestCountryApi" name="test_nonexistent_country_returns_404" time="0.654" /><testcase classname="tests.test_weather.TestWeather" name="test_current_weather_by_coordinates[Berlin]" time="0.928" /><testcase classname="tests.test_weather.TestWeather" name="test_current_weather_by_coordinates[Tokyo]" time="1.305" /><testcase classname="tests.test_weather.TestWeather" name="test_current_weather_by_coordinates[New York]" time="0.918" /><testcase classname="tests.test_weather.TestWeather" name="test_current_weather_by_coordinates[Sydney]" time="0.906" /><testcase classname="tests.test_weather.TestWeather" name="test_current_weather_by_coordinates[Lagos]" time="0.909" /><testcase classname="tests.test_weather.TestWeather" name="test_forecast_by_city[Berlin]" time="0.944" /><testcase classname="tests.test_weather.TestWeather" name="test_forecast_by_city[Tokyo]" time="0.907" /><testcase classname="tests.test_weather.TestWeather" name="test_forecast_by_city[New York]" time="0.926" /><testcase classname="tests.test_weather.TestWeather" name="test_forecast_by_city[Sydney]" time="0.926" /><testcase classname="tests.test_weather.TestWeather" name="test_forecast_by_city[Lagos]" time="0.933" /></testsuite></testsuites>