<?xml version="1.0" encoding="utf-8"?><testsuites name="pytest tests"><testsuite name="pytest" errors="0" failures="0" skipped="0" tests="29" time="23.182" timestamp="2026-05-20T14:07:53.067137-07:00" hostname="APLEGION"><testcase classname="tests.test_countries.TestCountries" name="test_country_by_name[germany]" time="0.667" /><testcase classname="tests.test_countries.TestCountries" name="test_country_by_name[japan]" time="0.647" /><testcase classname="tests.test_countries.TestCountries" name="test_country_by_name[brazil]" time="0.630" /><testcase classname="tests.test_countries.TestCountries" name="test_country_by_name[nigeria]" time="0.652" /><testcase classname="tests.test_countries.TestCountries" name="test_country_by_name[australia]" time="0.634" /><testcase classname="tests.test_countries.TestCountries" name="test_country_by_alpha_code[DE]" time="0.643" /><testcase classname="tests.test_countries.TestCountries" name="test_country_by_alpha_code[JP]" time="0.635" /><testcase classname="tests.test_countries.TestCountries" name="test_country_by_alpha_code[BR]" time="0.665" /><testcase classname="tests.test_countries.TestCountries" name="test_country_by_alpha_code[NG]" time="0.649" /><testcase classname="tests.test_countries.TestCountries" name="test_country_by_alpha_code[AU]" time="0.616" /><testcase classname="tests.test_countries.TestCountries" name="test_europe_region_count" time="0.887" /><testcase classname="tests.test_countries.TestCountries" name="test_germany_schema" time="0.642" /><testcase classname="tests.test_countries.TestCountries" name="test_all_population_check" time="0.877" /><testcase classname="tests.test_countries.TestCountries" name="test_cross_reference_germany" time="1.054" /><testcase classname="tests.test_country_api.TestCountryApi" name="test_europe_region_count" time="0.911" /><testcase classname="tests.test_country_api.TestCountryApi" name="test_germany_schema_validation" time="0.627" /><testcase classname="tests.test_country_api.TestCountryApi" name="test_all_countries_population_integrity" time="0.839" /><testcase classname="tests.test_country_api.TestCountryApi" name="test_germany_cross_reference_region" time="0.982" /><testcase classname="tests.test_country_api.TestCountryApi" name="test_nonexistent_country_returns_404" time="0.639" /><testcase classname="tests.test_weather.TestWeather" name="test_current_weather_by_coordinates[Berlin]" time="0.918" /><testcase classname="tests.test_weather.TestWeather" name="test_current_weather_by_coordinates[Tokyo]" time="0.910" /><testcase classname="tests.test_weather.TestWeather" name="test_current_weather_by_coordinates[New York]" time="0.906" /><testcase classname="tests.test_weather.TestWeather" name="test_current_weather_by_coordinates[Sydney]" time="0.892" /><testcase classname="tests.test_weather.TestWeather" name="test_current_weather_by_coordinates[Lagos]" time="0.899" /><testcase classname="tests.test_weather.TestWeather" name="test_forecast_by_city[Berlin]" time="0.920" /><testcase classname="tests.test_weather.TestWeather" name="test_forecast_by_city[Tokyo]" time="0.929" /><testcase classname="tests.test_weather.TestWeather" name="test_forecast_by_city[New York]" time="0.906" /><testcase classname="tests.test_weather.TestWeather" name="test_forecast_by_city[Sydney]" time="0.912" /><testcase classname="tests.test_weather.TestWeather" name="test_forecast_by_city[Lagos]" time="0.945" /></testsuite></testsuites>